<?xml version="1.0" encoding="UTF-8"?>
<testsuite name="com.sem.fridgely.http.ShoppingLIstInterface" tests="3" skipped="0" failures="0" errors="0" timestamp="2019-11-05T08:07:47" hostname="qiandans-MacBook-Pro.local" time="2.604">
  <properties/>
  <testcase name="testRoot" classname="com.sem.fridgely.http.ShoppingLIstInterface" time="1.867"/>
  <testcase name="testGetById" classname="com.sem.fridgely.http.ShoppingLIstInterface" time="0.606"/>
  <testcase name="testGetByUser" classname="com.sem.fridgely.http.ShoppingLIstInterface" time="0.129"/>
  <system-out><![CDATA[]]></system-out>
  <system-err><![CDATA[Nov 05, 2019 12:07:47 AM org.glassfish.jersey.test.grizzly.GrizzlyTestContainerFactory$GrizzlyTestContainer <init>
INFO: Creating GrizzlyTestContainer configured at the base URI http://localhost:9998/
Nov 05, 2019 12:07:48 AM org.glassfish.grizzly.http.server.NetworkListener start
INFO: Started listener bound to [localhost:9998]
Nov 05, 2019 12:07:48 AM org.glassfish.grizzly.http.server.HttpServer start
INFO: [HttpServer] Started.
Nov 05, 2019 12:07:49 AM org.glassfish.grizzly.http.server.NetworkListener shutdownNow
INFO: Stopped listener bound to [localhost:9998]
Nov 05, 2019 12:07:49 AM org.glassfish.jersey.test.grizzly.GrizzlyTestContainerFactory$GrizzlyTestContainer <init>
INFO: Creating GrizzlyTestContainer configured at the base URI http://localhost:9998/
Nov 05, 2019 12:07:49 AM org.glassfish.grizzly.http.server.NetworkListener start
INFO: Started listener bound to [localhost:9998]
Nov 05, 2019 12:07:49 AM org.glassfish.grizzly.http.server.HttpServer start
INFO: [HttpServer-1] Started.
Nov 05, 2019 12:07:49 AM com.mongodb.diagnostics.logging.JULLogger log
INFO: Cluster created with settings {hosts=[localhost:27017], mode=SINGLE, requiredClusterType=UNKNOWN, serverSelectionTimeout='30000 ms', maxWaitQueueSize=500}
Nov 05, 2019 12:07:49 AM org.glassfish.grizzly.http.server.NetworkListener shutdownNow
INFO: Stopped listener bound to [localhost:9998]
Nov 05, 2019 12:07:49 AM org.glassfish.jersey.test.grizzly.GrizzlyTestContainerFactory$GrizzlyTestContainer <init>
INFO: Creating GrizzlyTestContainer configured at the base URI http://localhost:9998/
Nov 05, 2019 12:07:49 AM org.glassfish.grizzly.http.server.NetworkListener start
INFO: Started listener bound to [localhost:9998]
Nov 05, 2019 12:07:49 AM org.glassfish.grizzly.http.server.HttpServer start
INFO: [HttpServer-2] Started.
Nov 05, 2019 12:07:49 AM org.glassfish.grizzly.http.server.NetworkListener shutdownNow
INFO: Stopped listener bound to [localhost:9998]
]]></system-err>
</testsuite>
